<?xml version="1.0" encoding="UTF-8"?>
<!-- Generated by org.testng.reporters.JUnitReportReporter -->
<testsuite hostname="LAPTOP-IMM6O811" failures="0" tests="1" name="testScripts.AddToCartTest" time="17.725" errors="0" timestamp="2023-05-29T16:12:27 IST" skipped="0">
  <testcase classname="testScripts.AddToCartTest" name="addToCartTest" time="17.725"/>
  <system-out/>
</testsuite> <!-- testScripts.AddToCartTest -->
