<?xml version="1.0" encoding="UTF-8"?>
<!-- Generated by org.testng.reporters.JUnitReportReporter -->
<testsuite hostname="LAPTOP-IMM6O811" failures="0" tests="1" name="testScripts.SendContactDetailsTest" time="16.721" errors="0" timestamp="2023-05-29T16:41:08 IST" skipped="0">
  <testcase classname="testScripts.SendContactDetailsTest" name="sendContactDetailsTest" time="16.721"/>
  <system-out/>
</testsuite> <!-- testScripts.SendContactDetailsTest -->
