<?xml version="1.0" encoding="UTF-8"?>
<!-- Generated by org.testng.reporters.JUnitReportReporter -->
<testsuite hostname="LAPTOP-IMM6O811" failures="0" tests="1" name="testScripts.AddToCartTest1" time="11.640" errors="0" timestamp="2023-05-25T14:30:59 IST" skipped="0">
  <testcase classname="testScripts.AddToCartTest1" name="addToCartTest" time="11.640"/>
  <system-out/>
</testsuite> <!-- testScripts.AddToCartTest1 -->
