<?xml version="1.0" encoding="UTF-8"?>
<!-- Generated by org.testng.reporters.JUnitReportReporter -->
<testsuite hostname="LAPTOP-IMM6O811" failures="0" tests="1" name="testScripts.AddTestingCourseToMyCartTest" time="42.082" errors="0" timestamp="2023-05-26T09:25:07 IST" skipped="0">
  <testcase classname="testScripts.AddTestingCourseToMyCartTest" name="addPytonToMyCart" time="42.082"/>
  <system-out/>
</testsuite> <!-- testScripts.AddTestingCourseToMyCartTest -->
