<?xml version="1.0" encoding="UTF-8"?>
<!-- Generated by org.testng.reporters.JUnitReportReporter -->
<testsuite hostname="LAPTOP-IMM6O811" failures="0" tests="1" name="testScripts.AddTestingCourseToMyCartTest" time="30.291" errors="0" timestamp="2023-05-29T16:13:10 IST" skipped="0">
  <testcase classname="testScripts.AddTestingCourseToMyCartTest" name="addPytonToMyCart" time="30.291"/>
  <system-out/>
</testsuite> <!-- testScripts.AddTestingCourseToMyCartTest -->
